<?xml version="1.0" encoding="UTF-8"?>
<!-- Generated by org.testng.reporters.JUnitReportReporter -->
<testsuite skipped="0" hostname="DESKTOP-B8IRFS0" name="prc2.TableDataCount" tests="1" failures="0" timestamp="2020-07-12T10:11:50 IST" time="5.639" errors="0">
  <testcase name="tabledata" time="5.639" classname="prc2.TableDataCount"/>
  <system-out/>
</testsuite> <!-- prc2.TableDataCount -->
